<?xml version="1.0" encoding="UTF-8"?>
<!-- Generated by org.testng.reporters.JUnitXMLReporter -->
<testsuite ignored="4" hostname="MehakChopra" failures="0" tests="1" name="Default test" time="25.389" errors="0" timestamp="2026-01-17T21:44:38 IST">
  <testcase classname="testcases.Login_test" name="invalidLoginTest" time="4.318"/>
  <testcase classname="testcases.Login_test" name="validLoginTest" time="0.0">
    <ignored/>
  </testcase> <!-- validLoginTest -->
  <testcase classname="testcases.Login_test" name="verifyDashboardAfterLogin" time="0.0">
    <ignored/>
  </testcase> <!-- verifyDashboardAfterLogin -->
  <testcase classname="testcases.Login_test" name="forgotPasswordTest" time="0.0">
    <ignored/>
  </testcase> <!-- forgotPasswordTest -->
  <testcase classname="testcases.Login_test" name="emptyFieldsTest" time="0.0">
    <ignored/>
  </testcase> <!-- emptyFieldsTest -->
</testsuite> <!-- Default test -->
