<?xml version="1.0" encoding="UTF-8"?>
<!-- Generated by org.testng.reporters.JUnitXMLReporter -->
<testsuite ignored="0" hostname="MehakChopra" failures="0" tests="5" name="Default test" time="60.901" errors="0" timestamp="2026-01-03T07:14:09 IST">
  <testcase classname="testcases.Login_test" name="validLoginTest" time="4.612"/>
  <testcase classname="testcases.Login_test" name="invalidLoginTest" time="4.101"/>
  <testcase classname="testcases.Login_test" name="emptyFieldsTest" time="1.668"/>
  <testcase classname="testcases.Login_test" name="forgotPasswordTest" time="2.316"/>
  <testcase classname="testcases.Login_test" name="verifyDashboardAfterLogin" time="3.986"/>
</testsuite> <!-- Default test -->
