<?xml version="1.0" encoding="UTF-8"?>
<!-- Generated by org.testng.reporters.JUnitXMLReporter -->
<testsuite ignored="0" hostname="MehakChopra" failures="0" tests="11" name="Default test" time="48.341" errors="0" timestamp="2026-01-21T21:39:54 IST">
  <testcase classname="testcases.MyInfoTest" name="@BeforeMethod setupTest" time="15.635">
    <failure type="org.openqa.selenium.TimeoutException" message="Expected condition failed: waiting for visibility of Proxy element for: DefaultElementLocator &amp;apos;By.xpath: //input[@placeholder=&amp;apos;Username&amp;apos;]&amp;apos; (tried for 10 second(s) with 500 milliseconds interval)">
      <![CDATA[org.openqa.selenium.TimeoutException: Expected condition failed: waiting for visibility of Proxy element for: DefaultElementLocator 'By.xpath: //input[@placeholder='Username']' (tried for 10 second(s) with 500 milliseconds interval)
at org.openqa.selenium.support.ui.WebDriverWait.timeoutException(WebDriverWait.java:84)
at org.openqa.selenium.support.ui.FluentWait.until(FluentWait.java:228)
at projectobjects.Login_page.enterUsername(Login_page.java:48)
at projectobjects.Login_page.login(Login_page.java:65)
at testcases.MyInfoTest.setupTest(MyInfoTest.java:24)
at java.base/jdk.internal.reflect.DirectMethodHandleAccessor.invoke(DirectMethodHandleAccessor.java:103)
at java.base/java.lang.reflect.Method.invoke(Method.java:580)
at org.testng.internal.invokers.MethodInvocationHelper.invokeMethod(MethodInvocationHelper.java:141)
at org.testng.internal.invokers.MethodInvocationHelper.invokeMethodConsideringTimeout(MethodInvocationHelper.java:71)
at org.testng.internal.invokers.ConfigInvoker.invokeConfigurationMethod(ConfigInvoker.java:400)
at org.testng.internal.invokers.ConfigInvoker.invokeConfigurations(ConfigInvoker.java:333)
at org.testng.internal.invokers.TestInvoker.runConfigMethods(TestInvoker.java:836)
at org.testng.internal.invokers.TestInvoker.invokeMethod(TestInvoker.java:601)
at org.testng.internal.invokers.TestInvoker.invokeTestMethod(TestInvoker.java:230)
at org.testng.internal.invokers.MethodRunner.runInSequence(MethodRunner.java:63)
at org.testng.internal.invokers.TestInvoker$MethodInvocationAgent.invoke(TestInvoker.java:995)
at org.testng.internal.invokers.TestInvoker.invokeTestMethods(TestInvoker.java:203)
at org.testng.internal.invokers.TestMethodWorker.invokeTestMethods(TestMethodWorker.java:154)
at org.testng.internal.invokers.TestMethodWorker.run(TestMethodWorker.java:134)
at java.base/java.util.ArrayList.forEach(ArrayList.java:1597)
at org.testng.TestRunner.privateRun(TestRunner.java:741)
at org.testng.TestRunner.run(TestRunner.java:616)
at org.testng.SuiteRunner.runTest(SuiteRunner.java:421)
at org.testng.SuiteRunner.runSequentially(SuiteRunner.java:413)
at org.testng.SuiteRunner.privateRun(SuiteRunner.java:373)
at org.testng.SuiteRunner.run(SuiteRunner.java:312)
at org.testng.SuiteRunnerWorker.runSuite(SuiteRunnerWorker.java:52)
at org.testng.SuiteRunnerWorker.run(SuiteRunnerWorker.java:95)
at org.testng.TestNG.runSuitesSequentially(TestNG.java:1274)
at org.testng.TestNG.runSuitesLocally(TestNG.java:1208)
at org.testng.TestNG.runSuites(TestNG.java:1112)
at org.testng.TestNG.run(TestNG.java:1079)
at org.testng.remote.AbstractRemoteTestNG.run(AbstractRemoteTestNG.java:115)
at org.testng.remote.RemoteTestNG.initAndRun(RemoteTestNG.java:293)
at org.testng.remote.RemoteTestNG.main(RemoteTestNG.java:91)
Caused by: org.openqa.selenium.NoSuchElementException: no such element: Unable to locate element: {"method":"xpath","selector":"//input[@placeholder='Username']"}
  (Session info: chrome=143.0.7499.193)
For documentation on this error, please visit: https://www.selenium.dev/documentation/webdriver/troubleshooting/errors#nosuchelementexception
Build info: version: '4.39.0', revision: '126f156aee'
System info: os.name: 'Windows 11', os.arch: 'amd64', os.version: '10.0', java.version: '23.0.2'
Driver info: org.openqa.selenium.chrome.ChromeDriver
Command: [0413c0c4b11c499a69452c3bdcff7671, findElement {value=//input[@placeholder='Username'], using=xpath}]
Capabilities {acceptInsecureCerts: false, browserName: chrome, browserVersion: 143.0.7499.193, chrome: {chromedriverVersion: 143.0.7499.192 (be2c1f4fd45..., userDataDir: C:\Users\mehak\AppData\Loca...}, fedcm:accounts: true, goog:chromeOptions: {debuggerAddress: localhost:61673}, goog:processID: 32680, networkConnectionEnabled: false, pageLoadStrategy: normal, platformName: windows, proxy: Proxy(), se:cdp: ws://localhost:61673/devtoo..., se:cdpVersion: 143.0.7499.193, setWindowRect: true, strictFileInteractability: false, timeouts: {implicit: 0, pageLoad: 300000, script: 30000}, unhandledPromptBehavior: dismiss and notify, webauthn:extension:credBlob: true, webauthn:extension:largeBlob: true, webauthn:extension:minPinLength: true, webauthn:extension:prf: true, webauthn:virtualAuthenticators: true}
Session ID: 0413c0c4b11c499a69452c3bdcff7671
at java.base/jdk.internal.reflect.DirectConstructorHandleAccessor.newInstance(DirectConstructorHandleAccessor.java:62)
at java.base/java.lang.reflect.Constructor.newInstanceWithCaller(Constructor.java:501)
at java.base/java.lang.reflect.Constructor.newInstance(Constructor.java:485)
at org.openqa.selenium.remote.ErrorCodec.decode(ErrorCodec.java:167)
at org.openqa.selenium.remote.codec.w3c.W3CHttpResponseCodec.decode(W3CHttpResponseCodec.java:142)
at org.openqa.selenium.remote.codec.w3c.W3CHttpResponseCodec.decode(W3CHttpResponseCodec.java:49)
at org.openqa.selenium.remote.HttpCommandExecutor.execute(HttpCommandExecutor.java:215)
at org.openqa.selenium.remote.service.DriverCommandExecutor.invokeExecute(DriverCommandExecutor.java:216)
at org.openqa.selenium.remote.service.DriverCommandExecutor.execute(DriverCommandExecutor.java:174)
at org.openqa.selenium.remote.RemoteWebDriver.execute(RemoteWebDriver.java:561)
at org.openqa.selenium.remote.ElementLocation$ElementFinder$2.findElement(ElementLocation.java:166)
at org.openqa.selenium.remote.ElementLocation.findElement(ElementLocation.java:60)
at org.openqa.selenium.remote.RemoteWebDriver.findElement(RemoteWebDriver.java:384)
at org.openqa.selenium.remote.RemoteWebDriver.findElement(RemoteWebDriver.java:378)
at org.openqa.selenium.support.pagefactory.DefaultElementLocator.findElement(DefaultElementLocator.java:68)
at org.openqa.selenium.support.pagefactory.internal.LocatingElementHandler.invoke(LocatingElementHandler.java:38)
at jdk.proxy2/jdk.proxy2.$Proxy16.isDisplayed(Unknown Source)
at org.openqa.selenium.support.ui.ExpectedConditions.elementIfVisible(ExpectedConditions.java:308)
at org.openqa.selenium.support.ui.ExpectedConditions$10.apply(ExpectedConditions.java:294)
at org.openqa.selenium.support.ui.ExpectedConditions$10.apply(ExpectedConditions.java:291)
at org.openqa.selenium.support.ui.FluentWait.until(FluentWait.java:203)
... 33 more
]]>
    </failure>
  </testcase> <!-- @BeforeMethod setupTest -->
  <testcase classname="testcases.BaseTest" name="@BeforeMethod beforeMethod" time="0.0">
    <skipped/>
  </testcase> <!-- @BeforeMethod beforeMethod -->
  <testcase classname="testcases.MyInfoTest" name="@BeforeMethod setupTest" time="0.0">
    <skipped/>
  </testcase> <!-- @BeforeMethod setupTest -->
  <testcase classname="testcases.BaseTest" name="@BeforeMethod beforeMethod" time="0.0">
    <skipped/>
  </testcase> <!-- @BeforeMethod beforeMethod -->
  <testcase classname="testcases.MyInfoTest" name="@BeforeMethod setupTest" time="0.0">
    <skipped/>
  </testcase> <!-- @BeforeMethod setupTest -->
  <testcase classname="testcases.BaseTest" name="@BeforeMethod beforeMethod" time="0.0">
    <skipped/>
  </testcase> <!-- @BeforeMethod beforeMethod -->
  <testcase classname="testcases.MyInfoTest" name="@BeforeMethod setupTest" time="0.0">
    <skipped/>
  </testcase> <!-- @BeforeMethod setupTest -->
  <testcase classname="testcases.BaseTest" name="@BeforeMethod beforeMethod" time="0.0">
    <skipped/>
  </testcase> <!-- @BeforeMethod beforeMethod -->
  <testcase classname="testcases.MyInfoTest" name="@BeforeMethod setupTest" time="0.0">
    <skipped/>
  </testcase> <!-- @BeforeMethod setupTest -->
  <testcase classname="testcases.BaseTest" name="@BeforeMethod beforeMethod" time="0.0">
    <skipped/>
  </testcase> <!-- @BeforeMethod beforeMethod -->
  <testcase classname="testcases.MyInfoTest" name="@BeforeMethod setupTest" time="0.0">
    <skipped/>
  </testcase> <!-- @BeforeMethod setupTest -->
  <testcase classname="testcases.BaseTest" name="@BeforeMethod beforeMethod" time="0.0">
    <skipped/>
  </testcase> <!-- @BeforeMethod beforeMethod -->
  <testcase classname="testcases.MyInfoTest" name="@BeforeMethod setupTest" time="0.0">
    <skipped/>
  </testcase> <!-- @BeforeMethod setupTest -->
  <testcase classname="testcases.BaseTest" name="@BeforeMethod beforeMethod" time="0.0">
    <skipped/>
  </testcase> <!-- @BeforeMethod beforeMethod -->
  <testcase classname="testcases.MyInfoTest" name="@BeforeMethod setupTest" time="0.0">
    <skipped/>
  </testcase> <!-- @BeforeMethod setupTest -->
  <testcase classname="testcases.BaseTest" name="@BeforeMethod beforeMethod" time="0.0">
    <skipped/>
  </testcase> <!-- @BeforeMethod beforeMethod -->
  <testcase classname="testcases.MyInfoTest" name="@BeforeMethod setupTest" time="0.0">
    <skipped/>
  </testcase> <!-- @BeforeMethod setupTest -->
  <testcase classname="testcases.BaseTest" name="@BeforeMethod beforeMethod" time="0.0">
    <skipped/>
  </testcase> <!-- @BeforeMethod beforeMethod -->
  <testcase classname="testcases.MyInfoTest" name="@BeforeMethod setupTest" time="0.0">
    <skipped/>
  </testcase> <!-- @BeforeMethod setupTest -->
  <testcase classname="testcases.BaseTest" name="@AfterClass tearDown" time="0.0">
    <skipped/>
  </testcase> <!-- @AfterClass tearDown -->
  <testcase classname="testcases.MyInfoTest" name="verifyContactDetails" time="5.511"/>
  <testcase classname="testcases.MyInfoTest" name="verifyDependents" time="0.0">
    <skipped/>
  </testcase> <!-- verifyDependents -->
  <testcase classname="testcases.MyInfoTest" name="verifyEmergencyContacts" time="0.0">
    <skipped/>
  </testcase> <!-- verifyEmergencyContacts -->
  <testcase classname="testcases.MyInfoTest" name="verifyImmigration" time="0.0">
    <skipped/>
  </testcase> <!-- verifyImmigration -->
  <testcase classname="testcases.MyInfoTest" name="verifyJob" time="0.0">
    <skipped/>
  </testcase> <!-- verifyJob -->
  <testcase classname="testcases.MyInfoTest" name="verifyMemberships" time="0.0">
    <skipped/>
  </testcase> <!-- verifyMemberships -->
  <testcase classname="testcases.MyInfoTest" name="verifyMyInfoPageLoaded" time="0.0">
    <skipped/>
  </testcase> <!-- verifyMyInfoPageLoaded -->
  <testcase classname="testcases.MyInfoTest" name="verifyPersonalDetails" time="0.0">
    <skipped/>
  </testcase> <!-- verifyPersonalDetails -->
  <testcase classname="testcases.MyInfoTest" name="verifyQualifications" time="0.0">
    <skipped/>
  </testcase> <!-- verifyQualifications -->
  <testcase classname="testcases.MyInfoTest" name="verifyReportTo" time="0.0">
    <skipped/>
  </testcase> <!-- verifyReportTo -->
  <testcase classname="testcases.MyInfoTest" name="verifySalary" time="0.0">
    <skipped/>
  </testcase> <!-- verifySalary -->
</testsuite> <!-- Default test -->
