<?xml version="1.0" encoding="UTF-8"?>
<testng-results ignored="0" total="10" passed="9" failed="1" skipped="0">
  <reporter-output>
  </reporter-output>
  <suite started-at="2026-01-22T08:44:39 IST" name="Default suite" finished-at="2026-01-22T08:45:32 IST" duration-ms="52833">
    <groups>
    </groups>
    <test started-at="2026-01-22T08:44:39 IST" name="Default test" finished-at="2026-01-22T08:45:32 IST" duration-ms="52833">
      <class name="testcases.MyInfoTest">
        <test-method is-config="true" signature="setUp()[pri:0, instance:testcases.MyInfoTest@222a59e6]" started-at="2026-01-22T08:44:39 IST" name="setUp" finished-at="2026-01-22T08:45:00 IST" duration-ms="20726" status="PASS">
          <reporter-output>
          </reporter-output>
        </test-method> <!-- setUp -->
        <test-method is-config="true" signature="beforeMethod()[pri:0, instance:testcases.MyInfoTest@222a59e6]" started-at="2026-01-22T08:45:00 IST" name="beforeMethod" finished-at="2026-01-22T08:45:00 IST" duration-ms="1" status="PASS">
          <reporter-output>
          </reporter-output>
        </test-method> <!-- beforeMethod -->
        <test-method signature="setupTest()[pri:0, instance:testcases.MyInfoTest@222a59e6]" started-at="2026-01-22T08:45:00 IST" name="setupTest" finished-at="2026-01-22T08:45:08 IST" duration-ms="8028" status="PASS">
          <reporter-output>
          </reporter-output>
        </test-method> <!-- setupTest -->
        <test-method signature="verifyContactDetails()[pri:1, instance:testcases.MyInfoTest@222a59e6]" started-at="2026-01-22T08:45:08 IST" name="verifyContactDetails" finished-at="2026-01-22T08:45:11 IST" duration-ms="2793" status="PASS">
          <reporter-output>
          </reporter-output>
        </test-method> <!-- verifyContactDetails -->
        <test-method is-config="true" signature="beforeMethod()[pri:0, instance:testcases.MyInfoTest@222a59e6]" started-at="2026-01-22T08:45:08 IST" name="beforeMethod" finished-at="2026-01-22T08:45:08 IST" duration-ms="0" status="PASS">
          <reporter-output>
          </reporter-output>
        </test-method> <!-- beforeMethod -->
        <test-method is-config="true" signature="beforeMethod()[pri:0, instance:testcases.MyInfoTest@222a59e6]" started-at="2026-01-22T08:45:11 IST" name="beforeMethod" finished-at="2026-01-22T08:45:11 IST" duration-ms="6" status="PASS">
          <reporter-output>
          </reporter-output>
        </test-method> <!-- beforeMethod -->
        <test-method signature="verifyPersonalDetails()[pri:1, instance:testcases.MyInfoTest@222a59e6]" started-at="2026-01-22T08:45:11 IST" name="verifyPersonalDetails" finished-at="2026-01-22T08:45:11 IST" duration-ms="22" status="PASS">
          <reporter-output>
          </reporter-output>
        </test-method> <!-- verifyPersonalDetails -->
        <test-method is-config="true" signature="beforeMethod()[pri:0, instance:testcases.MyInfoTest@222a59e6]" started-at="2026-01-22T08:45:11 IST" name="beforeMethod" finished-at="2026-01-22T08:45:11 IST" duration-ms="0" status="PASS">
          <reporter-output>
          </reporter-output>
        </test-method> <!-- beforeMethod -->
        <test-method signature="verifyEmergencyContacts()[pri:2, instance:testcases.MyInfoTest@222a59e6]" started-at="2026-01-22T08:45:11 IST" name="verifyEmergencyContacts" finished-at="2026-01-22T08:45:15 IST" duration-ms="4170" status="PASS">
          <reporter-output>
          </reporter-output>
        </test-method> <!-- verifyEmergencyContacts -->
        <test-method signature="verifyDependents()[pri:3, instance:testcases.MyInfoTest@222a59e6]" started-at="2026-01-22T08:45:15 IST" name="verifyDependents" finished-at="2026-01-22T08:45:17 IST" duration-ms="2122" status="PASS">
          <reporter-output>
          </reporter-output>
        </test-method> <!-- verifyDependents -->
        <test-method is-config="true" signature="beforeMethod()[pri:0, instance:testcases.MyInfoTest@222a59e6]" started-at="2026-01-22T08:45:15 IST" name="beforeMethod" finished-at="2026-01-22T08:45:15 IST" duration-ms="0" status="PASS">
          <reporter-output>
          </reporter-output>
        </test-method> <!-- beforeMethod -->
        <test-method signature="verifyImmigration()[pri:4, instance:testcases.MyInfoTest@222a59e6]" started-at="2026-01-22T08:45:17 IST" name="verifyImmigration" finished-at="2026-01-22T08:45:20 IST" duration-ms="2854" status="PASS">
          <reporter-output>
          </reporter-output>
        </test-method> <!-- verifyImmigration -->
        <test-method is-config="true" signature="beforeMethod()[pri:0, instance:testcases.MyInfoTest@222a59e6]" started-at="2026-01-22T08:45:17 IST" name="beforeMethod" finished-at="2026-01-22T08:45:17 IST" duration-ms="0" status="PASS">
          <reporter-output>
          </reporter-output>
        </test-method> <!-- beforeMethod -->
        <test-method signature="verifyJob()[pri:5, instance:testcases.MyInfoTest@222a59e6]" started-at="2026-01-22T08:45:20 IST" name="verifyJob" finished-at="2026-01-22T08:45:23 IST" duration-ms="2520" status="PASS">
          <reporter-output>
          </reporter-output>
        </test-method> <!-- verifyJob -->
        <test-method is-config="true" signature="beforeMethod()[pri:0, instance:testcases.MyInfoTest@222a59e6]" started-at="2026-01-22T08:45:20 IST" name="beforeMethod" finished-at="2026-01-22T08:45:20 IST" duration-ms="0" status="PASS">
          <reporter-output>
          </reporter-output>
        </test-method> <!-- beforeMethod -->
        <test-method is-config="true" signature="beforeMethod()[pri:0, instance:testcases.MyInfoTest@222a59e6]" started-at="2026-01-22T08:45:23 IST" name="beforeMethod" finished-at="2026-01-22T08:45:23 IST" duration-ms="1" status="PASS">
          <reporter-output>
          </reporter-output>
        </test-method> <!-- beforeMethod -->
        <test-method signature="verifySalary()[pri:6, instance:testcases.MyInfoTest@222a59e6]" started-at="2026-01-22T08:45:23 IST" name="verifySalary" finished-at="2026-01-22T08:45:26 IST" duration-ms="3129" status="PASS">
          <reporter-output>
          </reporter-output>
        </test-method> <!-- verifySalary -->
        <test-method signature="verifyQualifications()[pri:7, instance:testcases.MyInfoTest@222a59e6]" started-at="2026-01-22T08:45:26 IST" name="verifyQualifications" finished-at="2026-01-22T08:45:28 IST" duration-ms="2462" status="PASS">
          <reporter-output>
          </reporter-output>
        </test-method> <!-- verifyQualifications -->
        <test-method is-config="true" signature="beforeMethod()[pri:0, instance:testcases.MyInfoTest@222a59e6]" started-at="2026-01-22T08:45:26 IST" name="beforeMethod" finished-at="2026-01-22T08:45:26 IST" duration-ms="0" status="PASS">
          <reporter-output>
          </reporter-output>
        </test-method> <!-- beforeMethod -->
        <test-method signature="verifyMemberships()[pri:8, instance:testcases.MyInfoTest@222a59e6]" started-at="2026-01-22T08:45:28 IST" name="verifyMemberships" finished-at="2026-01-22T08:45:32 IST" duration-ms="3684" status="FAIL">
          <exception class="java.lang.AssertionError">
            <message>
              <![CDATA[expected [ Assigned Memberships] but found [Assigned Memberships]]]>
            </message>
            <full-stacktrace>
              <![CDATA[java.lang.AssertionError: expected [ Assigned Memberships] but found [Assigned Memberships]
at org.testng.Assert.fail(Assert.java:111)
at org.testng.Assert.failNotEquals(Assert.java:1590)
at org.testng.Assert.assertEqualsImpl(Assert.java:150)
at org.testng.Assert.assertEquals(Assert.java:132)
at org.testng.Assert.assertEquals(Assert.java:656)
at org.testng.Assert.assertEquals(Assert.java:666)
at testcases.MyInfoTest.verifyMemberships(MyInfoTest.java:77)
at java.base/jdk.internal.reflect.DirectMethodHandleAccessor.invoke(DirectMethodHandleAccessor.java:103)
at java.base/java.lang.reflect.Method.invoke(Method.java:580)
at org.testng.internal.invokers.MethodInvocationHelper.invokeMethod(MethodInvocationHelper.java:141)
at org.testng.internal.invokers.TestInvoker.invokeMethod(TestInvoker.java:687)
at org.testng.internal.invokers.TestInvoker.invokeTestMethod(TestInvoker.java:230)
at org.testng.internal.invokers.MethodRunner.runInSequence(MethodRunner.java:63)
at org.testng.internal.invokers.TestInvoker$MethodInvocationAgent.invoke(TestInvoker.java:995)
at org.testng.internal.invokers.TestInvoker.invokeTestMethods(TestInvoker.java:203)
at org.testng.internal.invokers.TestMethodWorker.invokeTestMethods(TestMethodWorker.java:154)
at org.testng.internal.invokers.TestMethodWorker.run(TestMethodWorker.java:134)
at java.base/java.util.ArrayList.forEach(ArrayList.java:1597)
at org.testng.TestRunner.privateRun(TestRunner.java:741)
at org.testng.TestRunner.run(TestRunner.java:616)
at org.testng.SuiteRunner.runTest(SuiteRunner.java:421)
at org.testng.SuiteRunner.runSequentially(SuiteRunner.java:413)
at org.testng.SuiteRunner.privateRun(SuiteRunner.java:373)
at org.testng.SuiteRunner.run(SuiteRunner.java:312)
at org.testng.SuiteRunnerWorker.runSuite(SuiteRunnerWorker.java:52)
at org.testng.SuiteRunnerWorker.run(SuiteRunnerWorker.java:95)
at org.testng.TestNG.runSuitesSequentially(TestNG.java:1274)
at org.testng.TestNG.runSuitesLocally(TestNG.java:1208)
at org.testng.TestNG.runSuites(TestNG.java:1112)
at org.testng.TestNG.run(TestNG.java:1079)
at org.testng.remote.AbstractRemoteTestNG.run(AbstractRemoteTestNG.java:115)
at org.testng.remote.RemoteTestNG.initAndRun(RemoteTestNG.java:293)
at org.testng.remote.RemoteTestNG.main(RemoteTestNG.java:91)
]]>
            </full-stacktrace>
          </exception> <!-- java.lang.AssertionError -->
          <reporter-output>
          </reporter-output>
        </test-method> <!-- verifyMemberships -->
        <test-method is-config="true" signature="beforeMethod()[pri:0, instance:testcases.MyInfoTest@222a59e6]" started-at="2026-01-22T08:45:28 IST" name="beforeMethod" finished-at="2026-01-22T08:45:28 IST" duration-ms="0" status="PASS">
          <reporter-output>
          </reporter-output>
        </test-method> <!-- beforeMethod -->
        <test-method is-config="true" signature="tearDown()[pri:0, instance:testcases.MyInfoTest@222a59e6]" started-at="2026-01-22T08:45:32 IST" name="tearDown" finished-at="2026-01-22T08:45:32 IST" duration-ms="152" status="PASS">
          <reporter-output>
          </reporter-output>
        </test-method> <!-- tearDown -->
      </class> <!-- testcases.MyInfoTest -->
    </test> <!-- Default test -->
  </suite> <!-- Default suite -->
</testng-results>
