<?xml version="1.0" encoding="UTF-8"?>
<testng-results ignored="4" total="5" passed="1" failed="0" skipped="0">
  <reporter-output>
  </reporter-output>
  <suite started-at="2026-01-17T21:44:12 IST" name="Default suite" finished-at="2026-01-17T21:44:38 IST" duration-ms="25389">
    <groups>
    </groups>
    <test started-at="2026-01-17T21:44:12 IST" name="Default test" finished-at="2026-01-17T21:44:38 IST" duration-ms="25389">
      <class name="testcases.Login_test">
        <test-method is-config="true" signature="setUp()[pri:0, instance:testcases.Login_test@6f4a47c7]" started-at="2026-01-17T21:44:13 IST" name="setUp" finished-at="2026-01-17T21:44:33 IST" duration-ms="20119" status="PASS">
          <reporter-output>
          </reporter-output>
        </test-method> <!-- setUp -->
        <test-method is-config="true" signature="openLoginPage()[pri:0, instance:testcases.Login_test@6f4a47c7]" started-at="2026-01-17T21:44:33 IST" name="openLoginPage" finished-at="2026-01-17T21:44:33 IST" duration-ms="699" status="PASS">
          <reporter-output>
          </reporter-output>
        </test-method> <!-- openLoginPage -->
        <test-method is-config="true" signature="beforeMethod()[pri:0, instance:testcases.Login_test@6f4a47c7]" started-at="2026-01-17T21:44:33 IST" name="beforeMethod" finished-at="2026-01-17T21:44:33 IST" duration-ms="0" status="PASS">
          <reporter-output>
          </reporter-output>
        </test-method> <!-- beforeMethod -->
        <test-method signature="invalidLoginTest()[pri:2, instance:testcases.Login_test@6f4a47c7]" started-at="2026-01-17T21:44:33 IST" name="invalidLoginTest" finished-at="2026-01-17T21:44:38 IST" duration-ms="4318" status="PASS">
          <reporter-output>
          </reporter-output>
        </test-method> <!-- invalidLoginTest -->
        <test-method is-config="true" signature="tearDown()[pri:0, instance:testcases.Login_test@6f4a47c7]" started-at="2026-01-17T21:44:38 IST" name="tearDown" finished-at="2026-01-17T21:44:38 IST" duration-ms="210" status="PASS">
          <reporter-output>
          </reporter-output>
        </test-method> <!-- tearDown -->
      </class> <!-- testcases.Login_test -->
    </test> <!-- Default test -->
  </suite> <!-- Default suite -->
</testng-results>
