<?xml version="1.0" encoding="UTF-8"?>
<!-- Generated by org.testng.reporters.JUnitReportReporter -->
<testsuite hostname="MehakChopra" failures="0" tests="9" name="testcases.DashboardTest" time="14.530" errors="0" timestamp="2026-01-22T08:56:20 IST" skipped="0">
  <testcase classname="testcases.DashboardTest" name="loginAndOpenDashboard" time="14.276"/>
  <testcase classname="testcases.DashboardTest" name="verifyDashboardHeading" time="0.015"/>
  <testcase classname="testcases.DashboardTest" name="verifyTimeAtWorkCard" time="0.036"/>
  <testcase classname="testcases.DashboardTest" name="verifyLatestPostsCard" time="0.033"/>
  <testcase classname="testcases.DashboardTest" name="verifyMyActionsCard" time="0.039"/>
  <testcase classname="testcases.DashboardTest" name="verifyEmployeeDistributionByLocation" time="0.033"/>
  <testcase classname="testcases.DashboardTest" name="verifyEmployeesOnLeaveTodayCard" time="0.031"/>
  <testcase classname="testcases.DashboardTest" name="verifyQuickLaunchCard" time="0.034"/>
  <testcase classname="testcases.DashboardTest" name="verifyEmployeeDistributionBySubUnit" time="0.033"/>
  <system-out>
    <![CDATA[Saved screenshot: screenshots\testcases.Login_test_invalidLoginTest_20260122_085132_588.png
<a href="screenshots\testcases.Login_test_invalidLoginTest_20260122_085132_588.png">Screenshot</a>
Saved screenshot: screenshots\testcases.Login_test_emptyFieldsTest_20260122_085201_045.png
<a href="screenshots\testcases.Login_test_emptyFieldsTest_20260122_085201_045.png">Screenshot</a>
Saved screenshot: screenshots\testcases.Login_test_forgotPasswordTest_20260122_085229_310.png
<a href="screenshots\testcases.Login_test_forgotPasswordTest_20260122_085229_310.png">Screenshot</a>
Saved screenshot: screenshots\testcases.Login_test_verifyDashboardAfterLogin_20260122_085257_523.png
<a href="screenshots\testcases.Login_test_verifyDashboardAfterLogin_20260122_085257_523.png">Screenshot</a>
Saved screenshot: screenshots\testcases.AdminTest_verifyQualificationsMenuHover_20260122_085358_957.png
<a href="screenshots\testcases.AdminTest_verifyQualificationsMenuHover_20260122_085358_957.png">Screenshot</a>
Saved screenshot: screenshots\testcases.AdminTest_verifyCorporateBrandingPage_20260122_085405_986.png
<a href="screenshots\testcases.AdminTest_verifyCorporateBrandingPage_20260122_085405_986.png">Screenshot</a>
Saved screenshot: screenshots\testcases.LeaveTest_verifyAddEntitlementsPage_20260122_085530_405.png
<a href="screenshots\testcases.LeaveTest_verifyAddEntitlementsPage_20260122_085530_405.png">Screenshot</a>
Saved screenshot: screenshots\testcases.LeaveTest_verifyLeavePeriodPage_20260122_085537_690.png
<a href="screenshots\testcases.LeaveTest_verifyLeavePeriodPage_20260122_085537_690.png">Screenshot</a>
Saved screenshot: screenshots\testcases.LeaveTest_verifyLeaveUsageReportPage_20260122_085545_118.png
<a href="screenshots\testcases.LeaveTest_verifyLeaveUsageReportPage_20260122_085545_118.png">Screenshot</a>
Saved screenshot: screenshots\testcases.MyInfoTest_verifyMemberships_20260122_085620_330.png
<a href="screenshots\testcases.MyInfoTest_verifyMemberships_20260122_085620_330.png">Screenshot</a>]]>
  </system-out>
</testsuite> <!-- testcases.DashboardTest -->
