<?xml version="1.0" encoding="UTF-8"?>
<!-- Generated by org.testng.reporters.JUnitReportReporter -->
<testsuite hostname="MehakChopra" failures="1" tests="10" name="testcases.MyInfoTest" time="31.792" errors="0" timestamp="2026-01-22T08:45:32 IST" skipped="0">
  <testcase classname="testcases.MyInfoTest" name="setupTest" time="8.034"/>
  <testcase classname="testcases.MyInfoTest" name="verifyContactDetails" time="2.793"/>
  <testcase classname="testcases.MyInfoTest" name="verifyPersonalDetails" time="0.023"/>
  <testcase classname="testcases.MyInfoTest" name="verifyEmergencyContacts" time="4.170"/>
  <testcase classname="testcases.MyInfoTest" name="verifyDependents" time="2.122"/>
  <testcase classname="testcases.MyInfoTest" name="verifyImmigration" time="2.854"/>
  <testcase classname="testcases.MyInfoTest" name="verifyJob" time="2.520"/>
  <testcase classname="testcases.MyInfoTest" name="verifySalary" time="3.129"/>
  <testcase classname="testcases.MyInfoTest" name="verifyQualifications" time="2.463"/>
  <testcase classname="testcases.MyInfoTest" name="verifyMemberships" time="3.684">
    <failure message="expected [ Assigned Memberships] but found [Assigned Memberships]" type="java.lang.AssertionError">
      <![CDATA[java.lang.AssertionError: expected [ Assigned Memberships] but found [Assigned Memberships]
at org.testng.Assert.fail(Assert.java:111)
at org.testng.Assert.failNotEquals(Assert.java:1590)
at org.testng.Assert.assertEqualsImpl(Assert.java:150)
at org.testng.Assert.assertEquals(Assert.java:132)
at org.testng.Assert.assertEquals(Assert.java:656)
at org.testng.Assert.assertEquals(Assert.java:666)
at testcases.MyInfoTest.verifyMemberships(MyInfoTest.java:77)
at java.base/jdk.internal.reflect.DirectMethodHandleAccessor.invoke(DirectMethodHandleAccessor.java:103)
at java.base/java.lang.reflect.Method.invoke(Method.java:580)
at org.testng.internal.invokers.MethodInvocationHelper.invokeMethod(MethodInvocationHelper.java:141)
at org.testng.internal.invokers.TestInvoker.invokeMethod(TestInvoker.java:687)
at org.testng.internal.invokers.TestInvoker.invokeTestMethod(TestInvoker.java:230)
at org.testng.internal.invokers.MethodRunner.runInSequence(MethodRunner.java:63)
at org.testng.internal.invokers.TestInvoker$MethodInvocationAgent.invoke(TestInvoker.java:995)
at org.testng.internal.invokers.TestInvoker.invokeTestMethods(TestInvoker.java:203)
at org.testng.internal.invokers.TestMethodWorker.invokeTestMethods(TestMethodWorker.java:154)
at org.testng.internal.invokers.TestMethodWorker.run(TestMethodWorker.java:134)
at java.base/java.util.ArrayList.forEach(ArrayList.java:1597)
at org.testng.TestRunner.privateRun(TestRunner.java:741)
at org.testng.TestRunner.run(TestRunner.java:616)
at org.testng.SuiteRunner.runTest(SuiteRunner.java:421)
at org.testng.SuiteRunner.runSequentially(SuiteRunner.java:413)
at org.testng.SuiteRunner.privateRun(SuiteRunner.java:373)
at org.testng.SuiteRunner.run(SuiteRunner.java:312)
at org.testng.SuiteRunnerWorker.runSuite(SuiteRunnerWorker.java:52)
at org.testng.SuiteRunnerWorker.run(SuiteRunnerWorker.java:95)
at org.testng.TestNG.runSuitesSequentially(TestNG.java:1274)
at org.testng.TestNG.runSuitesLocally(TestNG.java:1208)
at org.testng.TestNG.runSuites(TestNG.java:1112)
at org.testng.TestNG.run(TestNG.java:1079)
at org.testng.remote.AbstractRemoteTestNG.run(AbstractRemoteTestNG.java:115)
at org.testng.remote.RemoteTestNG.initAndRun(RemoteTestNG.java:293)
at org.testng.remote.RemoteTestNG.main(RemoteTestNG.java:91)
]]>
    </failure>
  </testcase> <!-- verifyMemberships -->
</testsuite> <!-- testcases.MyInfoTest -->
