<?xml version="1.0" encoding="UTF-8"?>
<!-- Generated by org.testng.reporters.JUnitReportReporter -->
<testsuite hostname="MehakChopra" failures="0" tests="6" name="testcases.PIMTest" time="27.907" errors="0" timestamp="2026-01-21T07:45:15 IST" skipped="0">
  <testcase classname="testcases.PIMTest" name="verifyLoginAndDashboardLoad" time="9.741"/>
  <testcase classname="testcases.PIMTest" name="verifyPIMMenuNavigation" time="2.278"/>
  <testcase classname="testcases.PIMTest" name="verifyEmployeeListNavigation" time="4.185"/>
  <testcase classname="testcases.PIMTest" name="verifyAddEmployeeNavigation" time="4.338"/>
  <testcase classname="testcases.PIMTest" name="verifyReportNavigation" time="4.534"/>
  <testcase classname="testcases.PIMTest" name="verifyConfigurationMenuHover" time="2.831"/>
  <system-out>
    <![CDATA[Saved screenshot: screenshots\testcases.AdminTest_verifyQualificationsMenuHover_20260121_074342_575.png
<a href="screenshots\testcases.AdminTest_verifyQualificationsMenuHover_20260121_074342_575.png">Screenshot</a>
Saved screenshot: screenshots\testcases.AdminTest_verifyCorporateBrandingPage_20260121_074348_971.png
<a href="screenshots\testcases.AdminTest_verifyCorporateBrandingPage_20260121_074348_971.png">Screenshot</a>
Saved screenshot: screenshots\testcases.Login_test_invalidLoginTest_20260121_074423_974.png
<a href="screenshots\testcases.Login_test_invalidLoginTest_20260121_074423_974.png">Screenshot</a>
Saved screenshot: screenshots\testcases.Login_test_emptyFieldsTest_20260121_074441_054.png
<a href="screenshots\testcases.Login_test_emptyFieldsTest_20260121_074441_054.png">Screenshot</a>
Saved screenshot: screenshots\testcases.Login_test_forgotPasswordTest_20260121_074458_057.png
<a href="screenshots\testcases.Login_test_forgotPasswordTest_20260121_074458_057.png">Screenshot</a>
Saved screenshot: screenshots\testcases.Login_test_verifyDashboardAfterLogin_20260121_074514_997.png
<a href="screenshots\testcases.Login_test_verifyDashboardAfterLogin_20260121_074514_997.png">Screenshot</a>]]>
  </system-out>
</testsuite> <!-- testcases.PIMTest -->
