<?xml version="1.0" encoding="UTF-8"?>
<!-- Generated by org.testng.reporters.JUnitReportReporter -->
<testsuite hostname="MehakChopra" failures="1" tests="10" name="testcases.MyInfoTest" time="27.069" errors="0" timestamp="2026-01-22T08:56:20 IST" skipped="0">
  <testcase classname="testcases.MyInfoTest" name="setupTest" time="6.393"/>
  <testcase classname="testcases.MyInfoTest" name="verifyPersonalDetails" time="0.017"/>
  <testcase classname="testcases.MyInfoTest" name="verifyContactDetails" time="2.401"/>
  <testcase classname="testcases.MyInfoTest" name="verifyEmergencyContacts" time="2.997"/>
  <testcase classname="testcases.MyInfoTest" name="verifyDependents" time="2.350"/>
  <testcase classname="testcases.MyInfoTest" name="verifyImmigration" time="2.660"/>
  <testcase classname="testcases.MyInfoTest" name="verifyJob" time="2.670"/>
  <testcase classname="testcases.MyInfoTest" name="verifySalary" time="2.853"/>
  <testcase classname="testcases.MyInfoTest" name="verifyQualifications" time="2.024"/>
  <testcase classname="testcases.MyInfoTest" name="verifyMemberships" time="2.704">
    <failure message="expected [ Assigned Memberships] but found [Assigned Memberships]" type="java.lang.AssertionError">
      <![CDATA[java.lang.AssertionError: expected [ Assigned Memberships] but found [Assigned Memberships]
at org.testng.Assert.fail(Assert.java:111)
at org.testng.Assert.failNotEquals(Assert.java:1590)
at org.testng.Assert.assertEqualsImpl(Assert.java:150)
at org.testng.Assert.assertEquals(Assert.java:132)
at org.testng.Assert.assertEquals(Assert.java:656)
at org.testng.Assert.assertEquals(Assert.java:666)
at testcases.MyInfoTest.verifyMemberships(MyInfoTest.java:77)
at java.base/jdk.internal.reflect.DirectMethodHandleAccessor.invoke(DirectMethodHandleAccessor.java:103)
at java.base/java.lang.reflect.Method.invoke(Method.java:580)
at org.testng.internal.invokers.MethodInvocationHelper.invokeMethod(MethodInvocationHelper.java:141)
at org.testng.internal.invokers.TestInvoker.invokeMethod(TestInvoker.java:687)
at org.testng.internal.invokers.TestInvoker.invokeTestMethod(TestInvoker.java:230)
at org.testng.internal.invokers.MethodRunner.runInSequence(MethodRunner.java:63)
at org.testng.internal.invokers.TestInvoker$MethodInvocationAgent.invoke(TestInvoker.java:995)
at org.testng.internal.invokers.TestInvoker.invokeTestMethods(TestInvoker.java:203)
at org.testng.internal.invokers.TestMethodWorker.invokeTestMethods(TestMethodWorker.java:154)
at org.testng.internal.invokers.TestMethodWorker.run(TestMethodWorker.java:134)
at java.base/java.util.ArrayList.forEach(ArrayList.java:1597)
at org.testng.TestRunner.privateRun(TestRunner.java:741)
at org.testng.TestRunner.run(TestRunner.java:616)
at org.testng.SuiteRunner.runTest(SuiteRunner.java:421)
at org.testng.SuiteRunner.runSequentially(SuiteRunner.java:413)
at org.testng.SuiteRunner.privateRun(SuiteRunner.java:373)
at org.testng.SuiteRunner.run(SuiteRunner.java:312)
at org.testng.SuiteRunnerWorker.runSuite(SuiteRunnerWorker.java:52)
at org.testng.SuiteRunnerWorker.run(SuiteRunnerWorker.java:95)
at org.testng.TestNG.runSuitesSequentially(TestNG.java:1274)
at org.testng.TestNG.runSuitesLocally(TestNG.java:1208)
at org.testng.TestNG.runSuites(TestNG.java:1112)
at org.testng.TestNG.run(TestNG.java:1079)
at org.testng.remote.AbstractRemoteTestNG.run(AbstractRemoteTestNG.java:115)
at org.testng.remote.RemoteTestNG.initAndRun(RemoteTestNG.java:293)
at org.testng.remote.RemoteTestNG.main(RemoteTestNG.java:91)
]]>
    </failure>
    <system-out>
      <![CDATA[Saved screenshot: screenshots\testcases.MyInfoTest_verifyMemberships_20260122_085620_330.png
<a href="screenshots\testcases.MyInfoTest_verifyMemberships_20260122_085620_330.png">Screenshot</a>]]>
    </system-out>
  </testcase> <!-- verifyMemberships -->
  <system-out>
    <![CDATA[Saved screenshot: screenshots\testcases.Login_test_invalidLoginTest_20260122_085132_588.png
<a href="screenshots\testcases.Login_test_invalidLoginTest_20260122_085132_588.png">Screenshot</a>
Saved screenshot: screenshots\testcases.Login_test_emptyFieldsTest_20260122_085201_045.png
<a href="screenshots\testcases.Login_test_emptyFieldsTest_20260122_085201_045.png">Screenshot</a>
Saved screenshot: screenshots\testcases.Login_test_forgotPasswordTest_20260122_085229_310.png
<a href="screenshots\testcases.Login_test_forgotPasswordTest_20260122_085229_310.png">Screenshot</a>
Saved screenshot: screenshots\testcases.Login_test_verifyDashboardAfterLogin_20260122_085257_523.png
<a href="screenshots\testcases.Login_test_verifyDashboardAfterLogin_20260122_085257_523.png">Screenshot</a>
Saved screenshot: screenshots\testcases.AdminTest_verifyQualificationsMenuHover_20260122_085358_957.png
<a href="screenshots\testcases.AdminTest_verifyQualificationsMenuHover_20260122_085358_957.png">Screenshot</a>
Saved screenshot: screenshots\testcases.AdminTest_verifyCorporateBrandingPage_20260122_085405_986.png
<a href="screenshots\testcases.AdminTest_verifyCorporateBrandingPage_20260122_085405_986.png">Screenshot</a>
Saved screenshot: screenshots\testcases.LeaveTest_verifyAddEntitlementsPage_20260122_085530_405.png
<a href="screenshots\testcases.LeaveTest_verifyAddEntitlementsPage_20260122_085530_405.png">Screenshot</a>
Saved screenshot: screenshots\testcases.LeaveTest_verifyLeavePeriodPage_20260122_085537_690.png
<a href="screenshots\testcases.LeaveTest_verifyLeavePeriodPage_20260122_085537_690.png">Screenshot</a>
Saved screenshot: screenshots\testcases.LeaveTest_verifyLeaveUsageReportPage_20260122_085545_118.png
<a href="screenshots\testcases.LeaveTest_verifyLeaveUsageReportPage_20260122_085545_118.png">Screenshot</a>
Saved screenshot: screenshots\testcases.MyInfoTest_verifyMemberships_20260122_085620_330.png
<a href="screenshots\testcases.MyInfoTest_verifyMemberships_20260122_085620_330.png">Screenshot</a>]]>
  </system-out>
</testsuite> <!-- testcases.MyInfoTest -->
