<?xml version="1.0" encoding="UTF-8"?>
<!-- Generated by org.testng.reporters.JUnitReportReporter -->
<testsuite hostname="MehakChopra" failures="0" tests="5" name="testcases.Login_test" time="60.851" errors="0" timestamp="2026-01-03T07:14:09 IST" skipped="0">
  <testcase classname="testcases.Login_test" name="validLoginTest" time="10.418"/>
  <testcase classname="testcases.Login_test" name="invalidLoginTest" time="11.386"/>
  <testcase classname="testcases.Login_test" name="emptyFieldsTest" time="8.750"/>
  <testcase classname="testcases.Login_test" name="forgotPasswordTest" time="20.719"/>
  <testcase classname="testcases.Login_test" name="verifyDashboardAfterLogin" time="9.578"/>
</testsuite> <!-- testcases.Login_test -->
