<?xml version="1.0" encoding="UTF-8"?>
<!-- Generated by org.testng.reporters.JUnitReportReporter -->
<testsuite hostname="MehakChopra" failures="0" tests="8" name="testcases.DashboardTest" time="140.112" errors="0" timestamp="2026-01-03T07:12:41 IST" skipped="0">
  <testcase classname="testcases.DashboardTest" name="verifyDashboardHeading" time="16.201"/>
  <testcase classname="testcases.DashboardTest" name="verifyTimeAtWorkCard" time="14.810"/>
  <testcase classname="testcases.DashboardTest" name="verifyMyActionsCard" time="14.966"/>
  <testcase classname="testcases.DashboardTest" name="verifyLatestPostsCard" time="10.648"/>
  <testcase classname="testcases.DashboardTest" name="verifyEmployeeDistributionByLocation" time="15.737"/>
  <testcase classname="testcases.DashboardTest" name="verifyEmployeesOnLeaveTodayCard" time="37.929"/>
  <testcase classname="testcases.DashboardTest" name="verifyQuickLaunchCard" time="15.202"/>
  <testcase classname="testcases.DashboardTest" name="verifyEmployeeDistributionBySubUnit" time="14.619"/>
</testsuite> <!-- testcases.DashboardTest -->
