<?xml version="1.0" encoding="UTF-8"?>
<!-- Generated by org.testng.reporters.JUnitReportReporter -->
<testsuite hostname="MehakChopra" failures="0" tests="9" name="testcases.AdminTest" time="0.009" errors="1" timestamp="2026-01-13T12:44:12 IST" skipped="8">
  <testcase classname="testcases.AdminTest" name="setup" time="0.009">
    <error message="D:\seleniumwebdriver\Automationproject\organehrm\src\test\resources\config.properties (The system cannot find the file specified)" type="java.io.FileNotFoundException">
      <![CDATA[java.io.FileNotFoundException: D:\seleniumwebdriver\Automationproject\organehrm\src\test\resources\config.properties (The system cannot find the file specified)
at java.base/java.io.FileInputStream.open0(Native Method)
at java.base/java.io.FileInputStream.open(FileInputStream.java:219)
at java.base/java.io.FileInputStream.<init>(FileInputStream.java:159)
at java.base/java.io.FileInputStream.<init>(FileInputStream.java:112)
at testcases.BaseTest.setup(BaseTest.java:25)
at java.base/jdk.internal.reflect.DirectMethodHandleAccessor.invoke(DirectMethodHandleAccessor.java:103)
at java.base/java.lang.reflect.Method.invoke(Method.java:580)
at org.testng.internal.invokers.MethodInvocationHelper.invokeMethod(MethodInvocationHelper.java:141)
at org.testng.internal.invokers.MethodInvocationHelper.invokeMethodConsideringTimeout(MethodInvocationHelper.java:71)
at org.testng.internal.invokers.ConfigInvoker.invokeConfigurationMethod(ConfigInvoker.java:400)
at org.testng.internal.invokers.ConfigInvoker.invokeConfigurations(ConfigInvoker.java:333)
at org.testng.internal.invokers.TestMethodWorker.invokeBeforeClassMethods(TestMethodWorker.java:188)
at org.testng.internal.invokers.TestMethodWorker.run(TestMethodWorker.java:128)
at java.base/java.util.ArrayList.forEach(ArrayList.java:1597)
at org.testng.TestRunner.privateRun(TestRunner.java:741)
at org.testng.TestRunner.run(TestRunner.java:616)
at org.testng.SuiteRunner.runTest(SuiteRunner.java:421)
at org.testng.SuiteRunner.runSequentially(SuiteRunner.java:413)
at org.testng.SuiteRunner.privateRun(SuiteRunner.java:373)
at org.testng.SuiteRunner.run(SuiteRunner.java:312)
at org.testng.SuiteRunnerWorker.runSuite(SuiteRunnerWorker.java:52)
at org.testng.SuiteRunnerWorker.run(SuiteRunnerWorker.java:95)
at org.testng.TestNG.runSuitesSequentially(TestNG.java:1274)
at org.testng.TestNG.runSuitesLocally(TestNG.java:1208)
at org.testng.TestNG.runSuites(TestNG.java:1112)
at org.testng.TestNG.run(TestNG.java:1079)
at org.testng.remote.AbstractRemoteTestNG.run(AbstractRemoteTestNG.java:115)
at org.testng.remote.RemoteTestNG.initAndRun(RemoteTestNG.java:293)
at org.testng.remote.RemoteTestNG.main(RemoteTestNG.java:91)
]]>
    </error>
  </testcase> <!-- setup -->
  <testcase classname="testcases.AdminTest" name="verifyAdminPageNavigation" time="0.000">
    <skipped/>
  </testcase> <!-- verifyAdminPageNavigation -->
  <testcase classname="testcases.AdminTest" name="verifyJobMenuHover" time="0.000">
    <skipped/>
  </testcase> <!-- verifyJobMenuHover -->
  <testcase classname="testcases.AdminTest" name="verifyOrganizationMenuHover" time="0.000">
    <skipped/>
  </testcase> <!-- verifyOrganizationMenuHover -->
  <testcase classname="testcases.AdminTest" name="verifyQualificationsMenuHover" time="0.000">
    <skipped/>
  </testcase> <!-- verifyQualificationsMenuHover -->
  <testcase classname="testcases.AdminTest" name="verifyNationalitiesPage" time="0.000">
    <skipped/>
  </testcase> <!-- verifyNationalitiesPage -->
  <testcase classname="testcases.AdminTest" name="verifyCorporateBrandingPage" time="0.000">
    <skipped/>
  </testcase> <!-- verifyCorporateBrandingPage -->
  <testcase classname="testcases.AdminTest" name="verifyConfigurationMenuHover" time="0.000">
    <skipped/>
  </testcase> <!-- verifyConfigurationMenuHover -->
  <testcase classname="testcases.AdminTest" name="verifyHelpPageOpen" time="0.000">
    <skipped/>
  </testcase> <!-- verifyHelpPageOpen -->
</testsuite> <!-- testcases.AdminTest -->
