<?xml version="1.0" encoding="UTF-8"?>
<!-- Generated by org.testng.reporters.JUnitReportReporter -->
<testsuite hostname="MehakChopra" failures="0" tests="9" name="testcases.DashboardTest" time="10.568" errors="0" timestamp="2026-01-21T07:45:15 IST" skipped="0">
  <testcase classname="testcases.DashboardTest" name="loginAndOpenDashboard" time="10.308"/>
  <testcase classname="testcases.DashboardTest" name="verifyDashboardHeading" time="0.020"/>
  <testcase classname="testcases.DashboardTest" name="verifyTimeAtWorkCard" time="0.034"/>
  <testcase classname="testcases.DashboardTest" name="verifyLatestPostsCard" time="0.031"/>
  <testcase classname="testcases.DashboardTest" name="verifyMyActionsCard" time="0.034"/>
  <testcase classname="testcases.DashboardTest" name="verifyEmployeeDistributionByLocation" time="0.035"/>
  <testcase classname="testcases.DashboardTest" name="verifyEmployeesOnLeaveTodayCard" time="0.037"/>
  <testcase classname="testcases.DashboardTest" name="verifyQuickLaunchCard" time="0.034"/>
  <testcase classname="testcases.DashboardTest" name="verifyEmployeeDistributionBySubUnit" time="0.035"/>
  <system-out>
    <![CDATA[Saved screenshot: screenshots\testcases.AdminTest_verifyQualificationsMenuHover_20260121_074342_575.png
<a href="screenshots\testcases.AdminTest_verifyQualificationsMenuHover_20260121_074342_575.png">Screenshot</a>
Saved screenshot: screenshots\testcases.AdminTest_verifyCorporateBrandingPage_20260121_074348_971.png
<a href="screenshots\testcases.AdminTest_verifyCorporateBrandingPage_20260121_074348_971.png">Screenshot</a>
Saved screenshot: screenshots\testcases.Login_test_invalidLoginTest_20260121_074423_974.png
<a href="screenshots\testcases.Login_test_invalidLoginTest_20260121_074423_974.png">Screenshot</a>
Saved screenshot: screenshots\testcases.Login_test_emptyFieldsTest_20260121_074441_054.png
<a href="screenshots\testcases.Login_test_emptyFieldsTest_20260121_074441_054.png">Screenshot</a>
Saved screenshot: screenshots\testcases.Login_test_forgotPasswordTest_20260121_074458_057.png
<a href="screenshots\testcases.Login_test_forgotPasswordTest_20260121_074458_057.png">Screenshot</a>
Saved screenshot: screenshots\testcases.Login_test_verifyDashboardAfterLogin_20260121_074514_997.png
<a href="screenshots\testcases.Login_test_verifyDashboardAfterLogin_20260121_074514_997.png">Screenshot</a>]]>
  </system-out>
</testsuite> <!-- testcases.DashboardTest -->
