<?xml version="1.0" encoding="UTF-8"?>
<!-- Generated by org.testng.reporters.JUnitReportReporter -->
<testsuite hostname="MehakChopra" failures="0" tests="9" name="testcases.DashboardTest" time="9.933" errors="0" timestamp="2026-01-10T08:09:41 IST" skipped="0">
  <testcase classname="testcases.DashboardTest" name="loginAndOpenDashboard" time="9.685"/>
  <testcase classname="testcases.DashboardTest" name="verifyDashboardHeading" time="0.016"/>
  <testcase classname="testcases.DashboardTest" name="verifyTimeAtWorkCard" time="0.040"/>
  <testcase classname="testcases.DashboardTest" name="verifyLatestPostsCard" time="0.023"/>
  <testcase classname="testcases.DashboardTest" name="verifyMyActionsCard" time="0.033"/>
  <testcase classname="testcases.DashboardTest" name="verifyEmployeesOnLeaveTodayCard" time="0.031"/>
  <testcase classname="testcases.DashboardTest" name="verifyEmployeeDistributionByLocation" time="0.038"/>
  <testcase classname="testcases.DashboardTest" name="verifyQuickLaunchCard" time="0.033"/>
  <testcase classname="testcases.DashboardTest" name="verifyEmployeeDistributionBySubUnit" time="0.034"/>
</testsuite> <!-- testcases.DashboardTest -->
